<?xml version="1.0" encoding="UTF-8"?>
<testng-results ignored="0" total="1" passed="1" failed="0" skipped="0">
  <reporter-output>
  </reporter-output>
  <suite started-at="2022-09-11T12:02:15 IST" name="Default suite" finished-at="2022-09-11T12:02:20 IST" duration-ms="4661">
    <groups>
    </groups>
    <test started-at="2022-09-11T12:02:15 IST" name="Default test" finished-at="2022-09-11T12:02:20 IST" duration-ms="4661">
      <class name="TestCases.VerifyRegisterTestCase">
        <test-method signature="Register()[pri:0, instance:TestCases.VerifyRegisterTestCase@4f209819]" started-at="2022-09-11T12:02:15 IST" name="Register" finished-at="2022-09-11T12:02:20 IST" duration-ms="4608" status="PASS">
          <reporter-output>
          </reporter-output>
        </test-method> <!-- Register -->
      </class> <!-- TestCases.VerifyRegisterTestCase -->
    </test> <!-- Default test -->
  </suite> <!-- Default suite -->
</testng-results>
